Determining if the pthread_create exist failed with the following output:
Change Dir: /home/lumino/hitlumino/zed-dev/2d-2d/build/CMakeFiles/CMakeTmp

Run Build Command:"/usr/bin/make" "cmTC_b517a/fast"
/usr/bin/make -f CMakeFiles/cmTC_b517a.dir/build.make CMakeFiles/cmTC_b517a.dir/build
make[1]: Entering directory '/home/lumino/hitlumino/zed-dev/2d-2d/build/CMakeFiles/CMakeTmp'
Building C object CMakeFiles/cmTC_b517a.dir/CheckSymbolExists.c.o
/usr/bin/cc    -fPIC    -o CMakeFiles/cmTC_b517a.dir/CheckSymbolExists.c.o   -c /home/lumino/hitlumino/zed-dev/2d-2d/build/CMakeFiles/CMakeTmp/CheckSymbolExists.c
Linking C executable cmTC_b517a
/usr/bin/cmake -E cmake_link_script CMakeFiles/cmTC_b517a.dir/link.txt --verbose=1
/usr/bin/cc  -fPIC     CMakeFiles/cmTC_b517a.dir/CheckSymbolExists.c.o  -o cmTC_b517a -rdynamic 
CMakeFiles/cmTC_b517a.dir/CheckSymbolExists.c.o：在函数‘main’中：
CheckSymbolExists.c:(.text+0x1b)：对‘pthread_create’未定义的引用
collect2: error: ld returned 1 exit status
CMakeFiles/cmTC_b517a.dir/build.make:97: recipe for target 'cmTC_b517a' failed
make[1]: *** [cmTC_b517a] Error 1
make[1]: Leaving directory '/home/lumino/hitlumino/zed-dev/2d-2d/build/CMakeFiles/CMakeTmp'
Makefile:126: recipe for target 'cmTC_b517a/fast' failed
make: *** [cmTC_b517a/fast] Error 2

File /home/lumino/hitlumino/zed-dev/2d-2d/build/CMakeFiles/CMakeTmp/CheckSymbolExists.c:
/* */
#include <pthread.h>

int main(int argc, char** argv)
{
  (void)argv;
#ifndef pthread_create
  return ((int*)(&pthread_create))[argc];
#else
  (void)argc;
  return 0;
#endif
}

Determining if the function pthread_create exists in the pthreads failed with the following output:
Change Dir: /home/lumino/hitlumino/zed-dev/2d-2d/build/CMakeFiles/CMakeTmp

Run Build Command:"/usr/bin/make" "cmTC_102e9/fast"
/usr/bin/make -f CMakeFiles/cmTC_102e9.dir/build.make CMakeFiles/cmTC_102e9.dir/build
make[1]: Entering directory '/home/lumino/hitlumino/zed-dev/2d-2d/build/CMakeFiles/CMakeTmp'
Building C object CMakeFiles/cmTC_102e9.dir/CheckFunctionExists.c.o
/usr/bin/cc    -fPIC -DCHECK_FUNCTION_EXISTS=pthread_create   -o CMakeFiles/cmTC_102e9.dir/CheckFunctionExists.c.o   -c /usr/share/cmake-3.5/Modules/CheckFunctionExists.c
Linking C executable cmTC_102e9
/usr/bin/cmake -E cmake_link_script CMakeFiles/cmTC_102e9.dir/link.txt --verbose=1
/usr/bin/cc  -fPIC -DCHECK_FUNCTION_EXISTS=pthread_create    CMakeFiles/cmTC_102e9.dir/CheckFunctionExists.c.o  -o cmTC_102e9 -rdynamic -lpthreads 
/usr/bin/ld: 找不到 -lpthreads
collect2: error: ld returned 1 exit status
CMakeFiles/cmTC_102e9.dir/build.make:97: recipe for target 'cmTC_102e9' failed
make[1]: *** [cmTC_102e9] Error 1
make[1]: Leaving directory '/home/lumino/hitlumino/zed-dev/2d-2d/build/CMakeFiles/CMakeTmp'
Makefile:126: recipe for target 'cmTC_102e9/fast' failed
make: *** [cmTC_102e9/fast] Error 2


