Determining if the pthread_create exist failed with the following output:
Change Dir: /home/lumino/hitlumino/zed-dev/image-capture/build/CMakeFiles/CMakeTmp

Run Build Command:"/usr/bin/make" "cmTC_aa88d/fast"
/usr/bin/make -f CMakeFiles/cmTC_aa88d.dir/build.make CMakeFiles/cmTC_aa88d.dir/build
make[1]: Entering directory '/home/lumino/hitlumino/zed-dev/image-capture/build/CMakeFiles/CMakeTmp'
Building C object CMakeFiles/cmTC_aa88d.dir/CheckSymbolExists.c.o
/usr/bin/cc    -fPIC    -o CMakeFiles/cmTC_aa88d.dir/CheckSymbolExists.c.o   -c /home/lumino/hitlumino/zed-dev/image-capture/build/CMakeFiles/CMakeTmp/CheckSymbolExists.c
Linking C executable cmTC_aa88d
/usr/bin/cmake -E cmake_link_script CMakeFiles/cmTC_aa88d.dir/link.txt --verbose=1
/usr/bin/cc  -fPIC     CMakeFiles/cmTC_aa88d.dir/CheckSymbolExists.c.o  -o cmTC_aa88d -rdynamic 
CMakeFiles/cmTC_aa88d.dir/CheckSymbolExists.c.o：在函数‘main’中：
CheckSymbolExists.c:(.text+0x1b)：对‘pthread_create’未定义的引用
collect2: error: ld returned 1 exit status
CMakeFiles/cmTC_aa88d.dir/build.make:97: recipe for target 'cmTC_aa88d' failed
make[1]: *** [cmTC_aa88d] Error 1
make[1]: Leaving directory '/home/lumino/hitlumino/zed-dev/image-capture/build/CMakeFiles/CMakeTmp'
Makefile:126: recipe for target 'cmTC_aa88d/fast' failed
make: *** [cmTC_aa88d/fast] Error 2

File /home/lumino/hitlumino/zed-dev/image-capture/build/CMakeFiles/CMakeTmp/CheckSymbolExists.c:
/* */
#include <pthread.h>

int main(int argc, char** argv)
{
  (void)argv;
#ifndef pthread_create
  return ((int*)(&pthread_create))[argc];
#else
  (void)argc;
  return 0;
#endif
}

Determining if the function pthread_create exists in the pthreads failed with the following output:
Change Dir: /home/lumino/hitlumino/zed-dev/image-capture/build/CMakeFiles/CMakeTmp

Run Build Command:"/usr/bin/make" "cmTC_73818/fast"
/usr/bin/make -f CMakeFiles/cmTC_73818.dir/build.make CMakeFiles/cmTC_73818.dir/build
make[1]: Entering directory '/home/lumino/hitlumino/zed-dev/image-capture/build/CMakeFiles/CMakeTmp'
Building C object CMakeFiles/cmTC_73818.dir/CheckFunctionExists.c.o
/usr/bin/cc    -fPIC -DCHECK_FUNCTION_EXISTS=pthread_create   -o CMakeFiles/cmTC_73818.dir/CheckFunctionExists.c.o   -c /usr/share/cmake-3.5/Modules/CheckFunctionExists.c
Linking C executable cmTC_73818
/usr/bin/cmake -E cmake_link_script CMakeFiles/cmTC_73818.dir/link.txt --verbose=1
/usr/bin/cc  -fPIC -DCHECK_FUNCTION_EXISTS=pthread_create    CMakeFiles/cmTC_73818.dir/CheckFunctionExists.c.o  -o cmTC_73818 -rdynamic -lpthreads 
/usr/bin/ld: 找不到 -lpthreads
collect2: error: ld returned 1 exit status
CMakeFiles/cmTC_73818.dir/build.make:97: recipe for target 'cmTC_73818' failed
make[1]: *** [cmTC_73818] Error 1
make[1]: Leaving directory '/home/lumino/hitlumino/zed-dev/image-capture/build/CMakeFiles/CMakeTmp'
Makefile:126: recipe for target 'cmTC_73818/fast' failed
make: *** [cmTC_73818/fast] Error 2


